<?xml version="1.0" encoding="UTF-8"?>
<testng-results ignored="0" total="6" passed="6" failed="0" skipped="0">
  <reporter-output>
  </reporter-output>
  <suite started-at="2022-02-01T13:46:47 CST" name="Suite" finished-at="2022-02-01T13:46:47 CST" duration-ms="46">
    <groups>
    </groups>
    <test started-at="2022-02-01T13:46:47 CST" name="Test" finished-at="2022-02-01T13:46:47 CST" duration-ms="46">
      <class name="qaclickacademy.AppiumTest">
        <test-method signature="IOSApps()[pri:0, instance:qaclickacademy.AppiumTest@4d465b11]" started-at="2022-02-01T13:46:47 CST" name="IOSApps" finished-at="2022-02-01T13:46:47 CST" duration-ms="6" status="PASS">
          <reporter-output>
          </reporter-output>
        </test-method> <!-- IOSApps -->
        <test-method signature="NativeAppAndroid()[pri:0, instance:qaclickacademy.AppiumTest@4d465b11]" started-at="2022-02-01T13:46:47 CST" name="NativeAppAndroid" finished-at="2022-02-01T13:46:47 CST" duration-ms="0" status="PASS">
          <reporter-output>
          </reporter-output>
        </test-method> <!-- NativeAppAndroid -->
      </class> <!-- qaclickacademy.AppiumTest -->
      <class name="qaclickacademy.RESTAPITest">
        <test-method signature="deleteTwitter()[pri:0, instance:qaclickacademy.RESTAPITest@47987356]" started-at="2022-02-01T13:46:47 CST" name="deleteTwitter" finished-at="2022-02-01T13:46:47 CST" duration-ms="0" status="PASS">
          <reporter-output>
          </reporter-output>
        </test-method> <!-- deleteTwitter -->
        <test-method signature="postJira()[pri:0, instance:qaclickacademy.RESTAPITest@47987356]" started-at="2022-02-01T13:46:47 CST" name="postJira" finished-at="2022-02-01T13:46:47 CST" duration-ms="0" status="PASS">
          <reporter-output>
          </reporter-output>
        </test-method> <!-- postJira -->
      </class> <!-- qaclickacademy.RESTAPITest -->
      <class name="qaclickacademy.SeleniumTest">
        <test-method signature="BrowserAutomation()[pri:0, instance:qaclickacademy.SeleniumTest@22ef9844]" started-at="2022-02-01T13:46:47 CST" name="BrowserAutomation" finished-at="2022-02-01T13:46:47 CST" duration-ms="0" status="PASS">
          <reporter-output>
          </reporter-output>
        </test-method> <!-- BrowserAutomation -->
        <test-method signature="elementsUi()[pri:0, instance:qaclickacademy.SeleniumTest@22ef9844]" started-at="2022-02-01T13:46:47 CST" name="elementsUi" finished-at="2022-02-01T13:46:47 CST" duration-ms="0" status="PASS">
          <reporter-output>
          </reporter-output>
        </test-method> <!-- elementsUi -->
      </class> <!-- qaclickacademy.SeleniumTest -->
    </test> <!-- Test -->
  </suite> <!-- Suite -->
</testng-results>
